=============================
The metadata information:
=============================
metadata->magic_num: 0x86a80294635d0e4c
metadata->version: 0x100000004
metadata->size: 0x1048
metadata->tcs_policy: 0x1
metadata->ssa_frame_size: 0x1
metadata->max_save_buffer_size: 0xa80
metadata->desired_misc_select: 0x0
metadata->enclave_size: 0x1000000
metadata->attributes.flags: 0x4
metadata->attributes.xfrm: 0xe7
metadata->enclave_css.header.header:
0x06 0x00 0x00 0x00 0xe1 0x00 0x00 0x00 0x00 0x00 0x01 0x00 
metadata->enclave_css.header.type: 0x0
metadata->enclave_css.header.module_vendor: 0x0
metadata->enclave_css.header.date: 0x20231205
metadata->enclave_css.header.header2:
0x01 0x01 0x00 0x00 0x60 0x00 0x00 0x00 0x60 0x00 0x00 0x00 0x01 0x00 0x00 0x00 
metadata->enclave_css.header.hw_version: 0x0
metadata->enclave_css.key.modulus:
0x57 0xca 0x0d 0xc0 0xbe 0x56 0x23 0xef 0x8a 0x48 0xfd 0xb8 0x63 0x14 0xdd 0x96 
0xa8 0x57 0xa7 0xd6 0xf9 0xee 0xea 0x71 0xed 0xf2 0xa4 0x28 0xb1 0x42 0x95 0x37 
0x58 0x9c 0x74 0x89 0xc6 0x4b 0xc7 0x51 0x31 0x96 0xac 0xbd 0x24 0x66 0x03 0x37 
0xe2 0xe5 0x5f 0xd8 0xd3 0xd7 0xee 0xe4 0x5c 0x2b 0xba 0x55 0x35 0xe6 0xfd 0x74 
0x24 0xca 0x26 0xbb 0x8e 0xf5 0xdd 0xca 0xef 0x91 0x66 0x6d 0x9e 0xa3 0x52 0xa2 
0x67 0xef 0x30 0xbc 0xd5 0x86 0x70 0x5b 0x3e 0xe6 0x2a 0x3e 0x78 0xad 0xe9 0x60 
0x54 0x74 0x49 0x94 0x3c 0xa8 0xf7 0x21 0x2d 0xe5 0xaf 0xac 0x14 0x35 0xa5 0xa8 
0xf2 0x67 0x4e 0x44 0xd6 0x61 0x87 0x2b 0xdc 0xca 0x11 0x94 0x21 0xd0 0x18 0xd4 
0x51 0x39 0xf3 0x05 0xf8 0xc4 0x0f 0x16 0xe8 0xd9 0xd9 0x33 0x63 0x80 0xff 0xc3 
0x2b 0x86 0xd2 0x14 0xf7 0x99 0x55 0x0a 0xc3 0x49 0xa5 0x78 0xf4 0x61 0xae 0xf6 
0x9f 0xb2 0xf0 0xdd 0x97 0x00 0xc8 0x5a 0xb1 0x7c 0x7f 0xdd 0xb9 0x05 0x87 0xd8 
0x27 0x4b 0xfe 0x52 0x04 0x3e 0x36 0x44 0x6e 0x0c 0xf6 0xc3 0x5c 0x2f 0x97 0xe9 
0x43 0x4f 0x9d 0x6a 0x60 0x8d 0x6e 0x4b 0xeb 0xb6 0x97 0xde 0x68 0x0b 0x73 0x23 
0x91 0xc2 0xdf 0x4e 0xd4 0x38 0x81 0x81 0x59 0x2f 0x5c 0x58 0xd0 0xd6 0x66 0xcc 
0x9e 0xd2 0xd0 0x7b 0xd1 0x19 0x16 0x3e 0x94 0x20 0xbb 0x09 0xf6 0x0a 0xa7 0x47 
0x12 0x4e 0x2a 0xba 0x6c 0xec 0xd5 0x3e 0x97 0x1a 0x98 0x67 0x45 0x6c 0xf4 0xe1 
0x71 0xea 0x2d 0x51 0xe7 0x90 0x2d 0xc3 0x8a 0xa1 0x2e 0x5a 0x6b 0x50 0x78 0xf4 
0x68 0x0e 0x20 0x56 0xe7 0x84 0xd0 0xf2 0x86 0x75 0x9a 0x50 0xc2 0xcc 0xa2 0x22 
0x70 0xc0 0x8a 0x95 0xee 0xde 0x48 0xef 0x02 0xb3 0xa5 0xaa 0x2d 0x9e 0x77 0xf6 
0x42 0xd6 0x2a 0x46 0x5a 0x9b 0x28 0xfe 0xf5 0xb7 0x30 0x1e 0xaa 0x99 0xe3 0x01 
0x33 0xc7 0x0f 0x87 0x0a 0x45 0x6b 0xe7 0xae 0x77 0x66 0xe6 0x7d 0x4d 0x3c 0x22 
0x98 0x04 0xbb 0x9b 0x79 0x85 0x1f 0x6c 0xd0 0x29 0xf2 0x4c 0x84 0x39 0x93 0xbc 
0x19 0xc2 0xef 0x44 0xd7 0x86 0x00 0x3e 0x1d 0x31 0x33 0x48 0x30 0x14 0x29 0x7e 
0xb5 0x77 0x85 0x32 0x5d 0xea 0x99 0x71 0xbb 0x21 0xa6 0x83 0xbc 0x0d 0x71 0xa5 
metadata->enclave_css.key.exponent:
0x03 0x00 0x00 0x00 
metadata->enclave_css.key.signature:
0x0e 0xfc 0x95 0x3e 0x95 0xe6 0x48 0xf4 0xfe 0xd6 0x62 0x89 0x8d 0xbd 0x67 0x10 
0x3b 0x8a 0xe1 0xd3 0x9e 0xae 0xa6 0xb9 0x62 0x2d 0x67 0xb3 0xc9 0x5f 0x5c 0x58 
0x86 0xe2 0x67 0x94 0x93 0x02 0x05 0xff 0x72 0x22 0x12 0xa1 0x71 0xb5 0xf3 0x1c 
0xdc 0x89 0x96 0xc7 0x8b 0x08 0xba 0x29 0xcf 0xb6 0x41 0x2b 0xef 0x55 0xd4 0xb4 
0x5d 0x21 0xc0 0x5c 0xab 0x5f 0x34 0x49 0x93 0xad 0xb6 0xe9 0xee 0x0f 0xaa 0xe8 
0x63 0xb4 0xed 0xb3 0x54 0x7f 0x64 0x3a 0xd4 0xcd 0x8c 0x9d 0xed 0xd2 0x06 0xfb 
0x21 0xc1 0x09 0x9c 0xb2 0x70 0xe3 0xe7 0x21 0x5d 0x34 0xdd 0x3b 0xe6 0x4c 0x47 
0x8c 0x51 0x78 0x61 0x1b 0x59 0x59 0x54 0x81 0x36 0x1f 0xe0 0xc5 0x9c 0xfd 0x53 
0x8d 0x62 0x45 0x8f 0x3f 0x16 0xdb 0x62 0xf8 0xbd 0xfa 0x92 0xf4 0xb8 0x5b 0xd1 
0x2e 0x53 0x55 0xd0 0xd9 0x79 0x3f 0xa8 0x25 0xff 0xaf 0x0f 0xc9 0xaa 0x0a 0x02 
0x9c 0x62 0x5f 0x1e 0x3a 0x62 0xa0 0x28 0xa0 0xbe 0xe3 0x79 0x0c 0xe5 0xf9 0x37 
0x85 0x71 0xe5 0xf2 0x28 0x3d 0x0e 0xaa 0xc5 0x23 0x5c 0xff 0xd0 0x6f 0x92 0xdd 
0xfc 0x4b 0x40 0xd7 0x41 0x20 0xdf 0x0b 0x7e 0xaa 0xb4 0x85 0x07 0xe4 0x53 0x8c 
0xd3 0x21 0xe8 0x25 0x51 0x94 0x0a 0x39 0x2c 0xf8 0xfd 0x8d 0xd7 0xa9 0xd6 0x8f 
0x47 0x60 0x0f 0xc4 0x96 0x1d 0xb7 0x17 0xc2 0x29 0x20 0xd0 0xdd 0xbd 0x3a 0x15 
0x58 0x42 0xb2 0x4a 0xa9 0x1e 0xe7 0x96 0xf2 0xf3 0xe1 0x7a 0xe8 0xb2 0x29 0xd2 
0x01 0x2b 0x57 0x3e 0xf8 0x23 0xdf 0x5f 0x3e 0xab 0x76 0x71 0xac 0xfd 0x4b 0x2d 
0xc6 0x86 0x82 0x45 0xdb 0xaf 0x1d 0xf1 0x33 0x9c 0x40 0x84 0x5a 0x43 0xb0 0xbc 
0x40 0x14 0xab 0x37 0xe2 0xfe 0xa1 0xcf 0xd8 0x5f 0xff 0xe0 0x36 0xa4 0x00 0x38 
0x5e 0xd0 0xcd 0xb6 0xb9 0x85 0x9e 0x94 0x0e 0xd8 0x8c 0x3d 0x05 0x40 0x97 0x22 
0xca 0x24 0xc6 0x2d 0xea 0xfc 0xa4 0x87 0x60 0x8a 0xe6 0xc7 0xb4 0x6c 0x2b 0x6c 
0xbb 0x42 0xea 0xb2 0xea 0x00 0x4a 0xad 0x84 0xeb 0xf8 0xa7 0x95 0xab 0x0a 0x7a 
0xa0 0x84 0x80 0x15 0x84 0x59 0x59 0xf3 0x83 0x50 0x26 0x93 0x2f 0x69 0x08 0xc3 
0x93 0x72 0x39 0xb7 0xc6 0x64 0xeb 0x51 0x06 0xb3 0x97 0x06 0xe9 0x8d 0xb5 0x91 
metadata->enclave_css.body.misc_select: 0x0
metadata->enclave_css.body.misc_mask: 0xffffffff
metadata->enclave_css.body.attributes.flags: 0x4
metadata->enclave_css.body.attributes.xfrm: 0x3
metadata->enclave_css.body.attribute_mask.flags: 0xff00fffffffffffd
metadata->enclave_css.body.attribute_mask.xfrm: 0xffffffffffffff1b
metadata->enclave_css.body.enclave_hash.m:
0x49 0x29 0x49 0xa8 0x0d 0x1a 0x54 0x06 0x36 0xd0 0x0e 0x0a 0x05 0xc6 0xb9 0x64 
0x73 0xb9 0xcc 0xa9 0x10 0xe3 0xf3 0xeb 0xc3 0x85 0x46 0x3e 0x06 0xa3 0x8f 0x80 
metadata->enclave_css.body.isv_prod_id: 0x0
metadata->enclave_css.body.isv_svn: 0x0
metadata->enclave_css.buffer.q1:
0xe8 0xef 0x31 0xeb 0xe6 0x33 0x7c 0xe3 0xfa 0x20 0x78 0xd2 0xa8 0xe6 0x97 0x29 
0x91 0x1b 0x86 0xd7 0x71 0xac 0xef 0x62 0x7a 0xaa 0x99 0xc4 0x9e 0x14 0x22 0x2b 
0x52 0x87 0xfe 0xd3 0xd6 0x69 0xd2 0xff 0x22 0xc1 0x2c 0x3f 0x83 0x77 0x72 0x0b 
0x68 0x70 0x28 0x75 0xca 0x08 0xcf 0xbf 0x23 0x69 0xa0 0x5c 0x86 0xf9 0x62 0xbe 
0x70 0x01 0x04 0x76 0xa5 0xb0 0xfc 0xd1 0xd9 0x48 0x96 0x09 0x2c 0xd5 0x20 0x25 
0x5d 0x4b 0x2d 0x1c 0xf3 0xe1 0xf6 0xbe 0xfb 0xa5 0xeb 0x11 0x9c 0x72 0xdf 0x02 
0x3f 0xc7 0x7f 0xc1 0x1a 0x4f 0x7a 0xe1 0x44 0x00 0xd4 0x2b 0x47 0x32 0x2e 0xff 
0xef 0xa9 0x40 0x7c 0x0f 0x7c 0x60 0x57 0x10 0xe3 0xbc 0x53 0x2f 0x53 0x3c 0x89 
0xe6 0x7c 0xec 0xcf 0x42 0x15 0x68 0x63 0x89 0xd7 0xe6 0x02 0x4d 0x26 0xa8 0x67 
0xa1 0xf8 0xed 0x32 0xa2 0xac 0xea 0x6a 0x23 0xf2 0x2e 0xbf 0x5b 0x3b 0x9b 0x54 
0x2a 0xb4 0x73 0x23 0x92 0x7d 0x97 0x8c 0xc2 0x2b 0x6a 0xe6 0x90 0xb2 0x37 0x7b 
0xb7 0x68 0xb2 0xfd 0xcf 0xda 0x10 0xe2 0xea 0xec 0x43 0x8c 0x97 0x08 0x7e 0xe0 
0x2a 0xeb 0x4c 0xed 0x77 0x8f 0x0b 0x2f 0x60 0x1c 0x9d 0xa1 0x5a 0x7b 0x75 0xe1 
0x7d 0xdb 0xd3 0xe1 0x46 0x8a 0x35 0xb0 0x24 0xd9 0xff 0x15 0x7f 0x9e 0x1e 0x34 
0xd6 0x69 0x98 0x41 0xb0 0x0f 0xab 0x81 0x44 0x3f 0xfd 0xac 0x4a 0x2d 0xbb 0x0e 
0xcf 0xb4 0x3d 0xb6 0x8b 0x50 0x24 0x5b 0x5a 0xdc 0xce 0x78 0x38 0x33 0x29 0x47 
0x2b 0x62 0x67 0xae 0x1f 0x65 0x05 0xcd 0xc0 0x99 0xf6 0x74 0xb9 0xd7 0xf5 0x57 
0x17 0x11 0x94 0x22 0x22 0x2b 0x6a 0x4e 0xcd 0x57 0x5b 0x79 0xdd 0xe5 0xe9 0xa9 
0x38 0x9c 0x5a 0x6a 0x3b 0xe2 0x4a 0xc9 0x9a 0x8d 0xc2 0x8d 0x5a 0xe0 0xf2 0x4f 
0x95 0x9a 0x3d 0x0e 0x9b 0x23 0x7f 0x74 0x77 0x86 0x71 0x0c 0xd1 0xe7 0x8d 0xc7 
0x49 0x97 0x9a 0x9e 0xfe 0xa8 0x08 0x28 0x96 0x09 0xc9 0xe7 0x71 0xc2 0x6d 0x49 
0x7c 0xc0 0xbf 0x15 0x57 0xb3 0x2d 0x2d 0x48 0x2b 0xfc 0xee 0x8a 0xd9 0x21 0xc4 
0x4e 0x6d 0xa7 0xe1 0xe0 0x8f 0x8a 0xe0 0x2a 0xba 0x43 0x2f 0x0e 0xe0 0xcf 0x88 
0x7f 0xe4 0xf5 0x69 0x95 0x00 0x95 0xae 0x4f 0xf4 0x2a 0x16 0xaa 0x8d 0x54 0x80 
metadata->enclave_css.buffer.q2:
0x02 0x2a 0x17 0x93 0x56 0xd8 0xa8 0xe1 0x15 0xd6 0x17 0x69 0xfd 0xe6 0xb6 0xc2 
0x40 0xb5 0x12 0x7e 0xff 0x9e 0x23 0x86 0xbb 0x5b 0xd7 0x63 0xdc 0x8b 0x9d 0xb8 
0x1f 0x0b 0x08 0x7c 0x5c 0xa2 0x95 0x97 0xea 0x02 0x83 0x13 0x70 0x77 0xee 0xc5 
0x0e 0xb3 0x22 0xe7 0x51 0x16 0x1c 0xb1 0x1a 0x79 0x5c 0x95 0x61 0x31 0x84 0xe7 
0xb4 0x7a 0xd6 0x3a 0x15 0x77 0x15 0x4e 0xca 0xfe 0xfe 0x52 0xff 0x5e 0xf9 0xc8 
0xcf 0xe0 0x49 0x63 0x4a 0x28 0x04 0xc9 0xbb 0x57 0x5b 0xa2 0xe6 0x3d 0x7a 0x90 
0xd0 0x19 0x6b 0xda 0xf5 0xca 0x04 0x0c 0x3a 0xe4 0x12 0xdf 0xc7 0x9a 0x68 0x3d 
0x9f 0x78 0x06 0xa0 0x99 0x74 0x1c 0x58 0x5e 0x1c 0xd8 0x2d 0x36 0xcc 0x93 0x75 
0x5f 0x20 0xbb 0xf6 0x67 0x11 0x53 0x9b 0x7a 0xf7 0x52 0x8a 0x4d 0xb1 0xe6 0xa6 
0x72 0xca 0xb3 0xd7 0xb1 0x94 0xd0 0x1f 0x9d 0x34 0xaf 0x84 0xf6 0x38 0xe4 0xe3 
0xec 0x53 0x3a 0xa7 0xc1 0x40 0x2c 0x0a 0x8c 0x27 0x95 0x12 0xec 0x2a 0xf6 0xfa 
0x28 0xf1 0x49 0x5f 0x89 0x7a 0xbf 0x28 0x94 0x80 0x83 0x59 0xcf 0xff 0x70 0x65 
0x97 0x8e 0x33 0x24 0xcf 0xdb 0x4b 0x69 0x59 0x35 0x22 0xed 0x63 0x71 0x6f 0x73 
0x7f 0x7a 0xb5 0xd7 0x9e 0x8a 0x1a 0xb0 0xb6 0xa0 0x04 0xda 0x6c 0x05 0x01 0xb9 
0x60 0xba 0x47 0x2a 0x5b 0xc2 0xa8 0xa4 0x5a 0x62 0x40 0x5d 0xcd 0xea 0x0b 0xda 
0xef 0xf1 0x70 0xac 0xd2 0xab 0xc8 0x29 0x8e 0xf0 0xdb 0x5a 0xb5 0xd8 0xdd 0x2a 
0x23 0xd1 0x05 0x14 0xfe 0xed 0x72 0xdc 0x11 0x62 0xe9 0x27 0xce 0xc3 0x2b 0x4d 
0x36 0x58 0xef 0x23 0x50 0xcd 0x54 0x05 0x97 0xf9 0x19 0x78 0x49 0x5b 0xe9 0x7d 
0x6f 0x58 0x9a 0x96 0x4f 0xf6 0xaf 0xdc 0x6e 0xa1 0xef 0xa5 0x4c 0x4f 0x20 0x07 
0xd4 0xcc 0x98 0x57 0xc4 0x20 0x9b 0xef 0xdd 0xa9 0xf7 0x50 0x08 0xd5 0xd0 0x45 
0xa6 0xb0 0xbe 0x9e 0x65 0x82 0xd1 0xa2 0x5a 0x65 0xbe 0xa2 0xb7 0x36 0xf0 0x0c 
0x85 0x8b 0x84 0xde 0x4e 0x04 0x9b 0x17 0x88 0xd2 0xc1 0x75 0xc2 0x4d 0x0a 0x21 
0x76 0xe3 0x03 0x0b 0x1e 0xef 0x02 0x7c 0xd5 0xd5 0x15 0x9a 0x44 0x0e 0xba 0x95 
0x09 0x11 0xf6 0x18 0xab 0xb8 0x6f 0x58 0x54 0x1a 0x75 0x82 0x83 0x36 0x45 0x56 


===================
The mrsigner value:
===================
mrsigner->value:
0x34 0x5b 0x46 0x89 0x21 0x06 0xb1 0x2c 0x37 0x53 0x0e 0x77 0xf6 0x1f 0x78 0x79 
0x82 0xac 0x1b 0xf3 0x96 0xe7 0x1d 0x06 0xb5 0xd1 0xe2 0xdf 0xb8 0xa1 0x1d 0x86 
